INFO: [VRFC 10-2263] Analyzing Verilog file "C:/Desktop/Internship/riscv_single_cycle/riscv_single_cycle.srcs/sources_1/new/alu.v" into library xil_defaultlib
INFO: [VRFC 10-311] analyzing module alu
INFO: [VRFC 10-2263] Analyzing Verilog file "C:/Desktop/Internship/riscv_single_cycle/riscv_single_cycle.srcs/sources_1/new/alu_control.v" into library xil_defaultlib
INFO: [VRFC 10-311] analyzing module alu_control
INFO: [VRFC 10-2263] Analyzing Verilog file "C:/Desktop/Internship/riscv_single_cycle/riscv_single_cycle.srcs/sources_1/new/control_unit.v" into library xil_defaultlib
INFO: [VRFC 10-311] analyzing module control_unit
INFO: [VRFC 10-2263] Analyzing Verilog file "C:/Desktop/Internship/riscv_single_cycle/riscv_single_cycle.srcs/sources_1/new/data_mem.v" into library xil_defaultlib
INFO: [VRFC 10-311] analyzing module data_mem
INFO: [VRFC 10-2263] Analyzing Verilog file "C:/Desktop/Internship/riscv_single_cycle/riscv_single_cycle.srcs/sources_1/new/imm_gen.v" into library xil_defaultlib
INFO: [VRFC 10-311] analyzing module imm_gen
INFO: [VRFC 10-2263] Analyzing Verilog file "C:/Desktop/Internship/riscv_single_cycle/riscv_single_cycle.srcs/sources_1/new/instr_mem.v" into library xil_defaultlib
INFO: [VRFC 10-311] analyzing module instr_mem
INFO: [VRFC 10-2263] Analyzing Verilog file "C:/Desktop/Internship/riscv_single_cycle/riscv_single_cycle.srcs/sources_1/new/pc.v" into library xil_defaultlib
INFO: [VRFC 10-311] analyzing module pc
INFO: [VRFC 10-2263] Analyzing Verilog file "C:/Desktop/Internship/riscv_single_cycle/riscv_single_cycle.srcs/sources_1/new/reg_file.v" into library xil_defaultlib
INFO: [VRFC 10-311] analyzing module reg_file
INFO: [VRFC 10-2263] Analyzing Verilog file "C:/Desktop/Internship/riscv_single_cycle/riscv_single_cycle.srcs/sources_1/new/riscv_core.v" into library xil_defaultlib
INFO: [VRFC 10-311] analyzing module riscv_core
INFO: [VRFC 10-2263] Analyzing Verilog file "C:/Desktop/Internship/riscv_single_cycle/riscv_single_cycle.srcs/sim_1/new/tb_riscv_core.v" into library xil_defaultlib
INFO: [VRFC 10-311] analyzing module tb_riscv_core
INFO: [VRFC 10-2263] Analyzing Verilog file "C:/Desktop/Internship/riscv_single_cycle/riscv_single_cycle.sim/sim_1/behav/xsim/glbl.v" into library xil_defaultlib
INFO: [VRFC 10-311] analyzing module glbl
