Vivado Simulator v2025.2
Copyright 1986-2022 Xilinx, Inc. All Rights Reserved.
Copyright 2022-2025 Advanced Micro Devices, Inc. All Rights Reserved.
Running: C:/AMDDesignTools/2025.2/Vivado/bin/unwrapped/win64.o/xelab.exe --incr --debug typical --relax --mt 2 -L xil_defaultlib -L unisims_ver -L unimacro_ver -L secureip --snapshot tb_riscv_core_behav xil_defaultlib.tb_riscv_core xil_defaultlib.glbl -log elaborate.log 
Using 2 slave threads.
Starting static elaboration
Pass Through NonSizing Optimizer
Completed static elaboration
Starting simulation data flow analysis
WARNING: [XSIM 43-4099] "C:/Desktop/Internship/riscv_single_cycle/riscv_single_cycle.srcs/sources_1/new/riscv_core.v" Line 1. Module riscv_core doesn't have a timescale but at least one module in design has a timescale.
WARNING: [XSIM 43-4099] "C:/Desktop/Internship/riscv_single_cycle/riscv_single_cycle.srcs/sources_1/new/pc.v" Line 1. Module pc doesn't have a timescale but at least one module in design has a timescale.
WARNING: [XSIM 43-4099] "C:/Desktop/Internship/riscv_single_cycle/riscv_single_cycle.srcs/sources_1/new/instr_mem.v" Line 1. Module instr_mem doesn't have a timescale but at least one module in design has a timescale.
WARNING: [XSIM 43-4099] "C:/Desktop/Internship/riscv_single_cycle/riscv_single_cycle.srcs/sources_1/new/reg_file.v" Line 1. Module reg_file doesn't have a timescale but at least one module in design has a timescale.
WARNING: [XSIM 43-4099] "C:/Desktop/Internship/riscv_single_cycle/riscv_single_cycle.srcs/sources_1/new/imm_gen.v" Line 1. Module imm_gen doesn't have a timescale but at least one module in design has a timescale.
WARNING: [XSIM 43-4099] "C:/Desktop/Internship/riscv_single_cycle/riscv_single_cycle.srcs/sources_1/new/control_unit.v" Line 1. Module control_unit doesn't have a timescale but at least one module in design has a timescale.
WARNING: [XSIM 43-4099] "C:/Desktop/Internship/riscv_single_cycle/riscv_single_cycle.srcs/sources_1/new/alu_control.v" Line 1. Module alu_control doesn't have a timescale but at least one module in design has a timescale.
WARNING: [XSIM 43-4099] "C:/Desktop/Internship/riscv_single_cycle/riscv_single_cycle.srcs/sources_1/new/alu.v" Line 1. Module alu doesn't have a timescale but at least one module in design has a timescale.
WARNING: [XSIM 43-4099] "C:/Desktop/Internship/riscv_single_cycle/riscv_single_cycle.srcs/sources_1/new/data_mem.v" Line 1. Module data_mem doesn't have a timescale but at least one module in design has a timescale.
Completed simulation data flow analysis
Time Resolution for simulation is 1ps
Compiling module xil_defaultlib.pc
Compiling module xil_defaultlib.instr_mem
Compiling module xil_defaultlib.reg_file
Compiling module xil_defaultlib.imm_gen
Compiling module xil_defaultlib.control_unit
Compiling module xil_defaultlib.alu_control
Compiling module xil_defaultlib.alu
Compiling module xil_defaultlib.data_mem
Compiling module xil_defaultlib.riscv_core
Compiling module xil_defaultlib.tb_riscv_core
Compiling module xil_defaultlib.glbl
Built simulation snapshot tb_riscv_core_behav
